#
# There is insufficient memory for the Java Runtime Environment to continue.
# Native memory allocation (mmap) failed to map 100663296 bytes for Failed to commit area from 0x00000000a1c00000 to 0x00000000a7c00000 of length 100663296.
# Possible reasons:
#   The system is out of physical RAM or swap space
#   The process is running with CompressedOops enabled, and the Java Heap may be blocking the growth of the native heap
# Possible solutions:
#   Reduce memory load on the system
#   Increase physical memory or swap space
#   Check if swap backing store is full
#   Decrease Java heap size (-Xmx/-Xms)
#   Decrease number of Java threads
#   Decrease Java thread stack sizes (-Xss)
#   Set larger code cache with -XX:ReservedCodeCacheSize=
# This output file may be truncated or incomplete.
#
#  Out of Memory Error (c:/workspace/9-2-build-windows-amd64-cygwin-phase2/jdk9/6725/hotspot/src/os/windows/vm/os_windows.cpp:3357), pid=8892, tid=720
#
# JRE version:  (9.0+181) (build )
# Java VM: Java HotSpot(TM) 64-Bit Server VM (9+181, mixed mode, tiered, compressed oops, g1 gc, windows-amd64)
# No core dump will be written. Minidumps are not enabled by default on client versions of Windows
#

---------------  S U M M A R Y ------------

Command Line: 

Host: Intel(R) Pentium(R) CPU  N3540  @ 2.16GHz, 4 cores, 5G,  Windows 10 , 64 bit Build 16299 (10.0.16299.431)
Time: Fri Aug 03 22:44:22 2018 Hora est. Sudamérica Pacífico elapsed time: 0 seconds (0d 0h 0m 0s)

---------------  T H R E A D  ---------------

Current thread (0x00000131c1bcc000):  JavaThread "Unknown thread" [_thread_in_vm, id=720, stack(0x00000013bfe00000,0x00000013bff00000)]

Stack: [0x00000013bfe00000,0x00000013bff00000]
Native frames: (J=compiled Java code, j=interpreted, Vv=VM code, C=native code)
V  [jvm.dll+0x587108]
V  [jvm.dll+0x69c14e]
V  [jvm.dll+0x69d06a]
V  [jvm.dll+0x69d6a3]
V  [jvm.dll+0x21d3f8]
V  [jvm.dll+0x584c34]
V  [jvm.dll+0x57a075]
V  [jvm.dll+0x2cd7eb]
V  [jvm.dll+0x2cd753]
V  [jvm.dll+0x2cd622]
V  [jvm.dll+0x2cf613]
V  [jvm.dll+0x319613]
V  [jvm.dll+0x319d26]
V  [jvm.dll+0x319713]
V  [jvm.dll+0x2ae028]
V  [jvm.dll+0x2af257]
V  [jvm.dll+0x67b29d]
V  [jvm.dll+0x67c66c]
V  [jvm.dll+0x326dc9]
V  [jvm.dll+0x6652be]
V  [jvm.dll+0x391b91]
V  [jvm.dll+0x393b41]
C  [java.exe+0x34f1]
C  [java.exe+0xe24f]
C  [java.exe+0xe3f6]
C  [KERNEL32.DLL+0x11fe4]
C  [ntdll.dll+0x6cb31]


---------------  P R O C E S S  ---------------

Java Threads: ( => current thread )

Other Threads:
  0x00000131c1be3000 GCTaskThread "GC Thread#0" [stack: 0x00000013c0000000,0x00000013c0100000] [id=5136]
  0x00000131c1be4000 GCTaskThread "GC Thread#1" [stack: 0x00000013c0100000,0x00000013c0200000] [id=6256]
  0x00000131c1be6000 GCTaskThread "GC Thread#2" [stack: 0x00000013c0200000,0x00000013c0300000] [id=3256]
  0x00000131c1be8000 GCTaskThread "GC Thread#3" [stack: 0x00000013c0300000,0x00000013c0400000] [id=2104]
  0x00000131c1c41000 ConcurrentGCThread "G1 Main Marker" [stack: 0x00000013c0900000,0x00000013c0a00000] [id=8472]
  0x00000131c1c42800 ConcurrentGCThread "G1 Marker#0" [stack: 0x00000013c0a00000,0x00000013c0b00000] [id=4816]
  0x00000131c1bf0800 ConcurrentGCThread "G1 Refine#0" [stack: 0x00000013c0700000,0x00000013c0800000] [id=2344]
  0x00000131c1bef800 ConcurrentGCThread "G1 Refine#1" [stack: 0x00000013c0600000,0x00000013c0700000] [id=5664]
  0x00000131c1bee000 ConcurrentGCThread "G1 Refine#2" [stack: 0x00000013c0500000,0x00000013c0600000] [id=4604]
  0x00000131c1be9800 ConcurrentGCThread "G1 Refine#3" [stack: 0x00000013c0400000,0x00000013c0500000] [id=10688]
  0x00000131c1bf2000 ConcurrentGCThread "G1 Young RemSet Sampling" [stack: 0x00000013c0800000,0x00000013c0900000] [id=1564]

=>0x00000131c1bcc000 (exited) JavaThread "Unknown thread" [_thread_in_vm, id=720, stack(0x00000013bfe00000,0x00000013bff00000)]

Threads with active compile tasks:

VM state:not at safepoint (not fully initialized)

VM Mutex/Monitor currently owned by a thread:  ([mutex/lock_event])
[0x00000131c1bca290] Heap_lock - owner thread: 0x00000131c1bcc000

Heap address: 0x00000000a1c00000, size: 1508 MB, Compressed Oops mode: Non-zero based: 0x00000000a1c00000
Narrow klass base: 0x0000000000000000, Narrow klass shift: 0

GC Heap History (0 events):
No events

Deoptimization events (0 events):
No events

Classes redefined (0 events):
No events

Internal exceptions (0 events):
No events

Events (0 events):
No events


Dynamic libraries:
0x00007ff6331f0000 - 0x00007ff63322e000 	C:\Program Files\Java\jdk-9\bin\java.exe
0x00007ffc64d50000 - 0x00007ffc64f30000 	C:\WINDOWS\SYSTEM32\ntdll.dll
0x00007ffc62500000 - 0x00007ffc625ae000 	C:\WINDOWS\System32\KERNEL32.DLL
0x00007ffc61660000 - 0x00007ffc618c6000 	C:\WINDOWS\System32\KERNELBASE.dll
0x00007ffc62640000 - 0x00007ffc626e1000 	C:\WINDOWS\System32\ADVAPI32.dll
0x00007ffc62220000 - 0x00007ffc622bd000 	C:\WINDOWS\System32\msvcrt.dll
0x00007ffc62fc0000 - 0x00007ffc6301b000 	C:\WINDOWS\System32\sechost.dll
0x00007ffc628f0000 - 0x00007ffc62a0f000 	C:\WINDOWS\System32\RPCRT4.dll
0x00007ffc62760000 - 0x00007ffc628ef000 	C:\WINDOWS\System32\USER32.dll
0x00007ffc61150000 - 0x00007ffc61170000 	C:\WINDOWS\System32\win32u.dll
0x00007ffc625b0000 - 0x00007ffc625d8000 	C:\WINDOWS\System32\GDI32.dll
0x00007ffc61170000 - 0x00007ffc61303000 	C:\WINDOWS\System32\gdi32full.dll
0x00007ffc61560000 - 0x00007ffc615fb000 	C:\WINDOWS\System32\msvcp_win.dll
0x00007ffc62020000 - 0x00007ffc62115000 	C:\WINDOWS\System32\ucrtbase.dll
0x00007ffc563a0000 - 0x00007ffc56609000 	C:\WINDOWS\WinSxS\amd64_microsoft.windows.common-controls_6595b64144ccf1df_6.0.16299.551_none_15c7d58c93659c3c\COMCTL32.dll
0x00007ffc63150000 - 0x00007ffc63457000 	C:\WINDOWS\System32\combase.dll
0x00007ffc614e0000 - 0x00007ffc61552000 	C:\WINDOWS\System32\bcryptPrimitives.dll
0x00007ffc540f0000 - 0x00007ffc540fa000 	C:\WINDOWS\SYSTEM32\VERSION.dll
0x00007ffc63120000 - 0x00007ffc6314d000 	C:\WINDOWS\System32\IMM32.DLL
0x00007ffc40c30000 - 0x00007ffc40d1f000 	C:\Program Files\Java\jdk-9\bin\msvcr120.dll
0x00007ffc3cfd0000 - 0x00007ffc3d076000 	C:\Program Files\Java\jdk-9\bin\msvcp120.dll
0x0000000075e50000 - 0x000000007687a000 	C:\Program Files\Java\jdk-9\bin\server\jvm.dll
0x00007ffc622c0000 - 0x00007ffc622c8000 	C:\WINDOWS\System32\PSAPI.DLL
0x00007ffc56160000 - 0x00007ffc56169000 	C:\WINDOWS\SYSTEM32\WSOCK32.dll
0x00007ffc626f0000 - 0x00007ffc6275c000 	C:\WINDOWS\System32\WS2_32.dll
0x00007ffc5f350000 - 0x00007ffc5f373000 	C:\WINDOWS\SYSTEM32\WINMM.dll
0x00007ffc5f020000 - 0x00007ffc5f04a000 	C:\WINDOWS\SYSTEM32\WINMMBASE.dll
0x00007ffc62120000 - 0x00007ffc6216a000 	C:\WINDOWS\System32\cfgmgr32.dll
0x00007ffc5c1a0000 - 0x00007ffc5c1af000 	C:\Program Files\Java\jdk-9\bin\verify.dll
0x00007ffc49320000 - 0x00007ffc49347000 	C:\Program Files\Java\jdk-9\bin\java.dll
0x00007ffc55970000 - 0x00007ffc55986000 	C:\Program Files\Java\jdk-9\bin\zip.dll
0x00007ffc56eb0000 - 0x00007ffc56eba000 	C:\Program Files\Java\jdk-9\bin\jimage.dll
0x00007ffc52b00000 - 0x00007ffc52cc8000 	C:\WINDOWS\SYSTEM32\dbghelp.dll

VM Arguments:
java_command: <unknown>
java_class_path (initial): <not set>
Launcher Type: SUN_STANDARD

Logging:
Log output configuration:
#0: stdout all=warning uptime,level,tags
#1: stderr all=off uptime,level,tags

Environment Variables:
JAVA_HOME=C:\Program Files\Java\jdk-9
PATH=C:\ProgramData\Oracle\Java\javapath;C:\WINDOWS\system32;C:\WINDOWS;C:\WINDOWS\System32\Wbem;C:\WINDOWS\System32\WindowsPowerShell\v1.0\;C:\Program Files\Microsoft VS Code\bin;C:\Program Files\nodejs\;C:\Program Files\Git\cmd;C:\Program Files (x86)\Yarn\bin\;C:\Gradle\gradle-4.9\bin;C:\Program Files\Apache\maven\bin;C:\Users\JuanPablo\Anaconda2;C:\Users\JuanPablo\Anaconda2\Scripts;C:\Users\JuanPablo\Anaconda2\Library\bin;C:\Users\JuanPablo\AppData\Local\Microsoft\WindowsApps;C:\Users\JuanPablo\AppData\Roaming\npm;C:\MinGW\bin;C:\Users\JuanPablo\AppData\Local\Yarn\bin
USERNAME=JuanPablo
OS=Windows_NT
PROCESSOR_IDENTIFIER=Intel64 Family 6 Model 55 Stepping 8, GenuineIntel



---------------  S Y S T E M  ---------------

OS: Windows 10 , 64 bit Build 16299 (10.0.16299.431)

CPU:total 4 (initial active 4) (4 cores per cpu, 1 threads per core) family 6 model 55 stepping 8, cmov, cx8, fxsr, mmx, sse, sse2, sse3, ssse3, sse4.1, sse4.2, popcnt, clmul, erms, 3dnowpref, tsc, tscinvbit

Memory: 4k page, physical 6175088k(401628k free), swap 6175088k(103152k free)

vm_info: Java HotSpot(TM) 64-Bit Server VM (9+181) for windows-amd64 JRE (9+181), built on Aug  2 2017 21:30:51 by "javare" with MS VC++ 12.0 (VS2013)

END.
