#
# There is insufficient memory for the Java Runtime Environment to continue.
# Native memory allocation (malloc) failed to allocate 32744 bytes for ChunkPool::allocate
# Possible reasons:
#   The system is out of physical RAM or swap space
#   The process is running with CompressedOops enabled, and the Java Heap may be blocking the growth of the native heap
# Possible solutions:
#   Reduce memory load on the system
#   Increase physical memory or swap space
#   Check if swap backing store is full
#   Decrease Java heap size (-Xmx/-Xms)
#   Decrease number of Java threads
#   Decrease Java thread stack sizes (-Xss)
#   Set larger code cache with -XX:ReservedCodeCacheSize=
#   JVM is running with Unscaled Compressed Oops mode in which the Java heap is
#     placed in the first 4GB address space. The Java Heap base address is the
#     maximum limit for the native heap growth. Please use -XX:HeapBaseMinAddress
#     to set the Java Heap base and to place the Java Heap above 4GB virtual address.
# This output file may be truncated or incomplete.
#
#  Out of Memory Error (c:/workspace/9-2-build-windows-amd64-cygwin-phase2/jdk9/6725/hotspot/src/share/vm/memory/allocation.cpp:256), pid=5696, tid=9800
#
# JRE version: Java(TM) SE Runtime Environment (9.0+181) (build 9+181)
# Java VM: Java HotSpot(TM) 64-Bit Server VM (9+181, mixed mode, tiered, compressed oops, g1 gc, windows-amd64)
# No core dump will be written. Minidumps are not enabled by default on client versions of Windows
#

---------------  S U M M A R Y ------------

Command Line: -Dfile.encoding=windows-1252 -Duser.country=CL -Duser.language=es -Duser.variant com.grupo1.tweetwood_back.TweetwoodBackApplication

Host: Intel(R) Pentium(R) CPU  N3540  @ 2.16GHz, 4 cores, 5G,  Windows 10 , 64 bit Build 16299 (10.0.16299.431)
Time: Fri Aug 03 23:31:47 2018 Hora est. Sudamérica Pacífico elapsed time: 0 seconds (0d 0h 0m 0s)

---------------  T H R E A D  ---------------

Current thread (0x00000180a5ab2800):  JavaThread "C2 CompilerThread0" daemon [_thread_in_vm, id=9800, stack(0x0000000fa2d00000,0x0000000fa2e00000)]

Stack: [0x0000000fa2d00000,0x0000000fa2e00000]
Native frames: (J=compiled Java code, j=interpreted, Vv=VM code, C=native code)
V  [jvm.dll+0x587108]

[error occurred during error reporting (printing native stack), id 0xe0000001]


---------------  P R O C E S S  ---------------

Java Threads: ( => current thread )
  0x00000180a5ac9800 JavaThread "Sweeper thread" daemon [_thread_blocked, id=2548, stack(0x0000000fa3000000,0x0000000fa3100000)]
  0x00000180a5ab4000 JavaThread "C1 CompilerThread2" daemon [_thread_blocked, id=3316, stack(0x0000000fa2f00000,0x0000000fa3000000)]
  0x00000180a5abb800 JavaThread "C2 CompilerThread1" daemon [_thread_blocked, id=8020, stack(0x0000000fa2e00000,0x0000000fa2f00000)]
=>0x00000180a5ab2800 JavaThread "C2 CompilerThread0" daemon [_thread_in_vm, id=9800, stack(0x0000000fa2d00000,0x0000000fa2e00000)]
  0x00000180a5aac800 JavaThread "Attach Listener" daemon [_thread_blocked, id=4056, stack(0x0000000fa2c00000,0x0000000fa2d00000)]
  0x00000180a5aab800 JavaThread "Signal Dispatcher" daemon [_thread_blocked, id=5732, stack(0x0000000fa2b00000,0x0000000fa2c00000)]
  0x00000180a5a5d000 JavaThread "Finalizer" daemon [_thread_blocked, id=4604, stack(0x0000000fa2a00000,0x0000000fa2b00000)]
  0x00000180a5a4c000 JavaThread "Reference Handler" daemon [_thread_blocked, id=8716, stack(0x0000000fa2900000,0x0000000fa2a00000)]
  0x0000018083a61800 JavaThread "main" [_thread_blocked, id=6928, stack(0x0000000fa1c00000,0x0000000fa1d00000)]

Other Threads:
  0x00000180a5a4a000 VMThread "VM Thread" [stack: 0x0000000fa2800000,0x0000000fa2900000] [id=8936]
  0x0000018083a77800 GCTaskThread "GC Thread#0" [stack: 0x0000000fa1d00000,0x0000000fa1e00000] [id=1440]
  0x0000018083a79000 GCTaskThread "GC Thread#1" [stack: 0x0000000fa1e00000,0x0000000fa1f00000] [id=5020]
  0x0000018083a7b800 GCTaskThread "GC Thread#2" [stack: 0x0000000fa1f00000,0x0000000fa2000000] [id=8572]
  0x0000018083a7d800 GCTaskThread "GC Thread#3" [stack: 0x0000000fa2000000,0x0000000fa2100000] [id=9464]
  0x0000018083aee000 ConcurrentGCThread "G1 Main Marker" [stack: 0x0000000fa2600000,0x0000000fa2700000] [id=9288]
  0x0000018083af2000 ConcurrentGCThread "G1 Marker#0" [stack: 0x0000000fa2700000,0x0000000fa2800000] [id=10132]
  0x0000018083a8e800 ConcurrentGCThread "G1 Refine#0" [stack: 0x0000000fa2400000,0x0000000fa2500000] [id=11208]
  0x0000018083a8a000 ConcurrentGCThread "G1 Refine#1" [stack: 0x0000000fa2300000,0x0000000fa2400000] [id=848]
  0x0000018083a89800 ConcurrentGCThread "G1 Refine#2" [stack: 0x0000000fa2200000,0x0000000fa2300000] [id=4608]
  0x0000018083a87800 ConcurrentGCThread "G1 Refine#3" [stack: 0x0000000fa2100000,0x0000000fa2200000] [id=10304]
  0x0000018083a9e000 ConcurrentGCThread "G1 Young RemSet Sampling" [stack: 0x0000000fa2500000,0x0000000fa2600000] [id=8168]

Threads with active compile tasks:

VM state:synchronizing (normal execution)

VM Mutex/Monitor currently owned by a thread:  ([mutex/lock_event])
[0x0000018083a5f860] Threads_lock - owner thread: 0x00000180a5a4a000
[0x0000018083a5fc50] Heap_lock - owner thread: 0x0000018083a61800
[0x0000018083a5ff20] CompileThread_lock - owner thread: 0x00000180a5ab2800

Heap address: 0x00000000a1c00000, size: 1508 MB, Compressed Oops mode: 32-bit
Narrow klass base: 0x0000000000000000, Narrow klass shift: 3
Compressed class space size: 1073741824 Address: 0x0000000100000000

Heap:
 garbage-first heap   total 98304K, used 0K [0x00000000a1c00000, 0x00000000a1d00300, 0x0000000100000000)
  region size 1024K, 1 young (1024K), 0 survivors (0K)
 Metaspace       used 2449K, capacity 2632K, committed 2688K, reserved 1067008K
  class space    used 202K, capacity 384K, committed 384K, reserved 1048576K
Heap Regions: E=young(eden), S=young(survivor), O=old, HS=humongous(starts), HC=humongous(continues), CS=collection set, F=free, A=archive, TS=gc time stamp, AC=allocation context, TAMS=top-at-mark-start (previous, next)
|   0|0x00000000a1c00000, 0x00000000a1c00000, 0x00000000a1d00000|  0%| F|  |TS  0|AC  0|TAMS 0x00000000a1c00000, 0x00000000a1c00000|
|   1|0x00000000a1d00000, 0x00000000a1d00000, 0x00000000a1e00000|  0%| F|  |TS  0|AC  0|TAMS 0x00000000a1d00000, 0x00000000a1d00000|
|   2|0x00000000a1e00000, 0x00000000a1e00000, 0x00000000a1f00000|  0%| F|  |TS  0|AC  0|TAMS 0x00000000a1e00000, 0x00000000a1e00000|
|   3|0x00000000a1f00000, 0x00000000a1f00000, 0x00000000a2000000|  0%| F|  |TS  0|AC  0|TAMS 0x00000000a1f00000, 0x00000000a1f00000|
|   4|0x00000000a2000000, 0x00000000a2000000, 0x00000000a2100000|  0%| F|  |TS  0|AC  0|TAMS 0x00000000a2000000, 0x00000000a2000000|
|   5|0x00000000a2100000, 0x00000000a2100000, 0x00000000a2200000|  0%| F|  |TS  0|AC  0|TAMS 0x00000000a2100000, 0x00000000a2100000|
|   6|0x00000000a2200000, 0x00000000a2200000, 0x00000000a2300000|  0%| F|  |TS  0|AC  0|TAMS 0x00000000a2200000, 0x00000000a2200000|
|   7|0x00000000a2300000, 0x00000000a2300000, 0x00000000a2400000|  0%| F|  |TS  0|AC  0|TAMS 0x00000000a2300000, 0x00000000a2300000|
|   8|0x00000000a2400000, 0x00000000a2400000, 0x00000000a2500000|  0%| F|  |TS  0|AC  0|TAMS 0x00000000a2400000, 0x00000000a2400000|
|   9|0x00000000a2500000, 0x00000000a2500000, 0x00000000a2600000|  0%| F|  |TS  0|AC  0|TAMS 0x00000000a2500000, 0x00000000a2500000|
|  10|0x00000000a2600000, 0x00000000a2600000, 0x00000000a2700000|  0%| F|  |TS  0|AC  0|TAMS 0x00000000a2600000, 0x00000000a2600000|
|  11|0x00000000a2700000, 0x00000000a2700000, 0x00000000a2800000|  0%| F|  |TS  0|AC  0|TAMS 0x00000000a2700000, 0x00000000a2700000|
|  12|0x00000000a2800000, 0x00000000a2800000, 0x00000000a2900000|  0%| F|  |TS  0|AC  0|TAMS 0x00000000a2800000, 0x00000000a2800000|
|  13|0x00000000a2900000, 0x00000000a2900000, 0x00000000a2a00000|  0%| F|  |TS  0|AC  0|TAMS 0x00000000a2900000, 0x00000000a2900000|
|  14|0x00000000a2a00000, 0x00000000a2a00000, 0x00000000a2b00000|  0%| F|  |TS  0|AC  0|TAMS 0x00000000a2a00000, 0x00000000a2a00000|
|  15|0x00000000a2b00000, 0x00000000a2b00000, 0x00000000a2c00000|  0%| F|  |TS  0|AC  0|TAMS 0x00000000a2b00000, 0x00000000a2b00000|
|  16|0x00000000a2c00000, 0x00000000a2c00000, 0x00000000a2d00000|  0%| F|  |TS  0|AC  0|TAMS 0x00000000a2c00000, 0x00000000a2c00000|
|  17|0x00000000a2d00000, 0x00000000a2d00000, 0x00000000a2e00000|  0%| F|  |TS  0|AC  0|TAMS 0x00000000a2d00000, 0x00000000a2d00000|
|  18|0x00000000a2e00000, 0x00000000a2e00000, 0x00000000a2f00000|  0%| F|  |TS  0|AC  0|TAMS 0x00000000a2e00000, 0x00000000a2e00000|
|  19|0x00000000a2f00000, 0x00000000a2f00000, 0x00000000a3000000|  0%| F|  |TS  0|AC  0|TAMS 0x00000000a2f00000, 0x00000000a2f00000|
|  20|0x00000000a3000000, 0x00000000a3000000, 0x00000000a3100000|  0%| F|  |TS  0|AC  0|TAMS 0x00000000a3000000, 0x00000000a3000000|
|  21|0x00000000a3100000, 0x00000000a3100000, 0x00000000a3200000|  0%| F|  |TS  0|AC  0|TAMS 0x00000000a3100000, 0x00000000a3100000|
|  22|0x00000000a3200000, 0x00000000a3200000, 0x00000000a3300000|  0%| F|  |TS  0|AC  0|TAMS 0x00000000a3200000, 0x00000000a3200000|
|  23|0x00000000a3300000, 0x00000000a3300000, 0x00000000a3400000|  0%| F|  |TS  0|AC  0|TAMS 0x00000000a3300000, 0x00000000a3300000|
|  24|0x00000000a3400000, 0x00000000a3400000, 0x00000000a3500000|  0%| F|  |TS  0|AC  0|TAMS 0x00000000a3400000, 0x00000000a3400000|
|  25|0x00000000a3500000, 0x00000000a3500000, 0x00000000a3600000|  0%| F|  |TS  0|AC  0|TAMS 0x00000000a3500000, 0x00000000a3500000|
|  26|0x00000000a3600000, 0x00000000a3600000, 0x00000000a3700000|  0%| F|  |TS  0|AC  0|TAMS 0x00000000a3600000, 0x00000000a3600000|
|  27|0x00000000a3700000, 0x00000000a3700000, 0x00000000a3800000|  0%| F|  |TS  0|AC  0|TAMS 0x00000000a3700000, 0x00000000a3700000|
|  28|0x00000000a3800000, 0x00000000a3800000, 0x00000000a3900000|  0%| F|  |TS  0|AC  0|TAMS 0x00000000a3800000, 0x00000000a3800000|
|  29|0x00000000a3900000, 0x00000000a3900000, 0x00000000a3a00000|  0%| F|  |TS  0|AC  0|TAMS 0x00000000a3900000, 0x00000000a3900000|
|  30|0x00000000a3a00000, 0x00000000a3a00000, 0x00000000a3b00000|  0%| F|  |TS  0|AC  0|TAMS 0x00000000a3a00000, 0x00000000a3a00000|
|  31|0x00000000a3b00000, 0x00000000a3b00000, 0x00000000a3c00000|  0%| F|  |TS  0|AC  0|TAMS 0x00000000a3b00000, 0x00000000a3b00000|
|  32|0x00000000a3c00000, 0x00000000a3c00000, 0x00000000a3d00000|  0%| F|  |TS  0|AC  0|TAMS 0x00000000a3c00000, 0x00000000a3c00000|
|  33|0x00000000a3d00000, 0x00000000a3d00000, 0x00000000a3e00000|  0%| F|  |TS  0|AC  0|TAMS 0x00000000a3d00000, 0x00000000a3d00000|
|  34|0x00000000a3e00000, 0x00000000a3e00000, 0x00000000a3f00000|  0%| F|  |TS  0|AC  0|TAMS 0x00000000a3e00000, 0x00000000a3e00000|
|  35|0x00000000a3f00000, 0x00000000a3f00000, 0x00000000a4000000|  0%| F|  |TS  0|AC  0|TAMS 0x00000000a3f00000, 0x00000000a3f00000|
|  36|0x00000000a4000000, 0x00000000a4000000, 0x00000000a4100000|  0%| F|  |TS  0|AC  0|TAMS 0x00000000a4000000, 0x00000000a4000000|
|  37|0x00000000a4100000, 0x00000000a4100000, 0x00000000a4200000|  0%| F|  |TS  0|AC  0|TAMS 0x00000000a4100000, 0x00000000a4100000|
|  38|0x00000000a4200000, 0x00000000a4200000, 0x00000000a4300000|  0%| F|  |TS  0|AC  0|TAMS 0x00000000a4200000, 0x00000000a4200000|
|  39|0x00000000a4300000, 0x00000000a4300000, 0x00000000a4400000|  0%| F|  |TS  0|AC  0|TAMS 0x00000000a4300000, 0x00000000a4300000|
|  40|0x00000000a4400000, 0x00000000a4400000, 0x00000000a4500000|  0%| F|  |TS  0|AC  0|TAMS 0x00000000a4400000, 0x00000000a4400000|
|  41|0x00000000a4500000, 0x00000000a4500000, 0x00000000a4600000|  0%| F|  |TS  0|AC  0|TAMS 0x00000000a4500000, 0x00000000a4500000|
|  42|0x00000000a4600000, 0x00000000a4600000, 0x00000000a4700000|  0%| F|  |TS  0|AC  0|TAMS 0x00000000a4600000, 0x00000000a4600000|
|  43|0x00000000a4700000, 0x00000000a4700000, 0x00000000a4800000|  0%| F|  |TS  0|AC  0|TAMS 0x00000000a4700000, 0x00000000a4700000|
|  44|0x00000000a4800000, 0x00000000a4800000, 0x00000000a4900000|  0%| F|  |TS  0|AC  0|TAMS 0x00000000a4800000, 0x00000000a4800000|
|  45|0x00000000a4900000, 0x00000000a4900000, 0x00000000a4a00000|  0%| F|  |TS  0|AC  0|TAMS 0x00000000a4900000, 0x00000000a4900000|
|  46|0x00000000a4a00000, 0x00000000a4a00000, 0x00000000a4b00000|  0%| F|  |TS  0|AC  0|TAMS 0x00000000a4a00000, 0x00000000a4a00000|
|  47|0x00000000a4b00000, 0x00000000a4b00000, 0x00000000a4c00000|  0%| F|  |TS  0|AC  0|TAMS 0x00000000a4b00000, 0x00000000a4b00000|
|  48|0x00000000a4c00000, 0x00000000a4c00000, 0x00000000a4d00000|  0%| F|  |TS  0|AC  0|TAMS 0x00000000a4c00000, 0x00000000a4c00000|
|  49|0x00000000a4d00000, 0x00000000a4d00000, 0x00000000a4e00000|  0%| F|  |TS  0|AC  0|TAMS 0x00000000a4d00000, 0x00000000a4d00000|
|  50|0x00000000a4e00000, 0x00000000a4e00000, 0x00000000a4f00000|  0%| F|  |TS  0|AC  0|TAMS 0x00000000a4e00000, 0x00000000a4e00000|
|  51|0x00000000a4f00000, 0x00000000a4f00000, 0x00000000a5000000|  0%| F|  |TS  0|AC  0|TAMS 0x00000000a4f00000, 0x00000000a4f00000|
|  52|0x00000000a5000000, 0x00000000a5000000, 0x00000000a5100000|  0%| F|  |TS  0|AC  0|TAMS 0x00000000a5000000, 0x00000000a5000000|
|  53|0x00000000a5100000, 0x00000000a5100000, 0x00000000a5200000|  0%| F|  |TS  0|AC  0|TAMS 0x00000000a5100000, 0x00000000a5100000|
|  54|0x00000000a5200000, 0x00000000a5200000, 0x00000000a5300000|  0%| F|  |TS  0|AC  0|TAMS 0x00000000a5200000, 0x00000000a5200000|
|  55|0x00000000a5300000, 0x00000000a5300000, 0x00000000a5400000|  0%| F|  |TS  0|AC  0|TAMS 0x00000000a5300000, 0x00000000a5300000|
|  56|0x00000000a5400000, 0x00000000a5400000, 0x00000000a5500000|  0%| F|  |TS  0|AC  0|TAMS 0x00000000a5400000, 0x00000000a5400000|
|  57|0x00000000a5500000, 0x00000000a5500000, 0x00000000a5600000|  0%| F|  |TS  0|AC  0|TAMS 0x00000000a5500000, 0x00000000a5500000|
|  58|0x00000000a5600000, 0x00000000a5600000, 0x00000000a5700000|  0%| F|  |TS  0|AC  0|TAMS 0x00000000a5600000, 0x00000000a5600000|
|  59|0x00000000a5700000, 0x00000000a5700000, 0x00000000a5800000|  0%| F|  |TS  0|AC  0|TAMS 0x00000000a5700000, 0x00000000a5700000|
|  60|0x00000000a5800000, 0x00000000a5800000, 0x00000000a5900000|  0%| F|  |TS  0|AC  0|TAMS 0x00000000a5800000, 0x00000000a5800000|
|  61|0x00000000a5900000, 0x00000000a5900000, 0x00000000a5a00000|  0%| F|  |TS  0|AC  0|TAMS 0x00000000a5900000, 0x00000000a5900000|
|  62|0x00000000a5a00000, 0x00000000a5a00000, 0x00000000a5b00000|  0%| F|  |TS  0|AC  0|TAMS 0x00000000a5a00000, 0x00000000a5a00000|
|  63|0x00000000a5b00000, 0x00000000a5b00000, 0x00000000a5c00000|  0%| F|  |TS  0|AC  0|TAMS 0x00000000a5b00000, 0x00000000a5b00000|
|  64|0x00000000a5c00000, 0x00000000a5c00000, 0x00000000a5d00000|  0%| F|  |TS  0|AC  0|TAMS 0x00000000a5c00000, 0x00000000a5c00000|
|  65|0x00000000a5d00000, 0x00000000a5d00000, 0x00000000a5e00000|  0%| F|  |TS  0|AC  0|TAMS 0x00000000a5d00000, 0x00000000a5d00000|
|  66|0x00000000a5e00000, 0x00000000a5e00000, 0x00000000a5f00000|  0%| F|  |TS  0|AC  0|TAMS 0x00000000a5e00000, 0x00000000a5e00000|
|  67|0x00000000a5f00000, 0x00000000a5f00000, 0x00000000a6000000|  0%| F|  |TS  0|AC  0|TAMS 0x00000000a5f00000, 0x00000000a5f00000|
|  68|0x00000000a6000000, 0x00000000a6000000, 0x00000000a6100000|  0%| F|  |TS  0|AC  0|TAMS 0x00000000a6000000, 0x00000000a6000000|
|  69|0x00000000a6100000, 0x00000000a6100000, 0x00000000a6200000|  0%| F|  |TS  0|AC  0|TAMS 0x00000000a6100000, 0x00000000a6100000|
|  70|0x00000000a6200000, 0x00000000a6200000, 0x00000000a6300000|  0%| F|  |TS  0|AC  0|TAMS 0x00000000a6200000, 0x00000000a6200000|
|  71|0x00000000a6300000, 0x00000000a6300000, 0x00000000a6400000|  0%| F|  |TS  0|AC  0|TAMS 0x00000000a6300000, 0x00000000a6300000|
|  72|0x00000000a6400000, 0x00000000a6400000, 0x00000000a6500000|  0%| F|  |TS  0|AC  0|TAMS 0x00000000a6400000, 0x00000000a6400000|
|  73|0x00000000a6500000, 0x00000000a6500000, 0x00000000a6600000|  0%| F|  |TS  0|AC  0|TAMS 0x00000000a6500000, 0x00000000a6500000|
|  74|0x00000000a6600000, 0x00000000a6600000, 0x00000000a6700000|  0%| F|  |TS  0|AC  0|TAMS 0x00000000a6600000, 0x00000000a6600000|
|  75|0x00000000a6700000, 0x00000000a6700000, 0x00000000a6800000|  0%| F|  |TS  0|AC  0|TAMS 0x00000000a6700000, 0x00000000a6700000|
|  76|0x00000000a6800000, 0x00000000a6800000, 0x00000000a6900000|  0%| F|  |TS  0|AC  0|TAMS 0x00000000a6800000, 0x00000000a6800000|
|  77|0x00000000a6900000, 0x00000000a6900000, 0x00000000a6a00000|  0%| F|  |TS  0|AC  0|TAMS 0x00000000a6900000, 0x00000000a6900000|
|  78|0x00000000a6a00000, 0x00000000a6a00000, 0x00000000a6b00000|  0%| F|  |TS  0|AC  0|TAMS 0x00000000a6a00000, 0x00000000a6a00000|
|  79|0x00000000a6b00000, 0x00000000a6b00000, 0x00000000a6c00000|  0%| F|  |TS  0|AC  0|TAMS 0x00000000a6b00000, 0x00000000a6b00000|
|  80|0x00000000a6c00000, 0x00000000a6c00000, 0x00000000a6d00000|  0%| F|  |TS  0|AC  0|TAMS 0x00000000a6c00000, 0x00000000a6c00000|
|  81|0x00000000a6d00000, 0x00000000a6d00000, 0x00000000a6e00000|  0%| F|  |TS  0|AC  0|TAMS 0x00000000a6d00000, 0x00000000a6d00000|
|  82|0x00000000a6e00000, 0x00000000a6e00000, 0x00000000a6f00000|  0%| F|  |TS  0|AC  0|TAMS 0x00000000a6e00000, 0x00000000a6e00000|
|  83|0x00000000a6f00000, 0x00000000a6f00000, 0x00000000a7000000|  0%| F|  |TS  0|AC  0|TAMS 0x00000000a6f00000, 0x00000000a6f00000|
|  84|0x00000000a7000000, 0x00000000a7000000, 0x00000000a7100000|  0%| F|  |TS  0|AC  0|TAMS 0x00000000a7000000, 0x00000000a7000000|
|  85|0x00000000a7100000, 0x00000000a7100000, 0x00000000a7200000|  0%| F|  |TS  0|AC  0|TAMS 0x00000000a7100000, 0x00000000a7100000|
|  86|0x00000000a7200000, 0x00000000a7200000, 0x00000000a7300000|  0%| F|  |TS  0|AC  0|TAMS 0x00000000a7200000, 0x00000000a7200000|
|  87|0x00000000a7300000, 0x00000000a7300000, 0x00000000a7400000|  0%| F|  |TS  0|AC  0|TAMS 0x00000000a7300000, 0x00000000a7300000|
|  88|0x00000000a7400000, 0x00000000a7400000, 0x00000000a7500000|  0%| F|  |TS  0|AC  0|TAMS 0x00000000a7400000, 0x00000000a7400000|
|  89|0x00000000a7500000, 0x00000000a7500000, 0x00000000a7600000|  0%| F|  |TS  0|AC  0|TAMS 0x00000000a7500000, 0x00000000a7500000|
|  90|0x00000000a7600000, 0x00000000a7600000, 0x00000000a7700000|  0%| F|  |TS  0|AC  0|TAMS 0x00000000a7600000, 0x00000000a7600000|
|  91|0x00000000a7700000, 0x00000000a7700000, 0x00000000a7800000|  0%| F|  |TS  0|AC  0|TAMS 0x00000000a7700000, 0x00000000a7700000|
|  92|0x00000000a7800000, 0x00000000a7800000, 0x00000000a7900000|  0%| F|  |TS  0|AC  0|TAMS 0x00000000a7800000, 0x00000000a7800000|
|  93|0x00000000a7900000, 0x00000000a7900000, 0x00000000a7a00000|  0%| F|  |TS  0|AC  0|TAMS 0x00000000a7900000, 0x00000000a7900000|
|  94|0x00000000a7a00000, 0x00000000a7a00000, 0x00000000a7b00000|  0%| F|  |TS  0|AC  0|TAMS 0x00000000a7a00000, 0x00000000a7a00000|
|  95|0x00000000a7b00000, 0x00000000a7b8f688, 0x00000000a7c00000| 56%| E|  |TS  0|AC  0|TAMS 0x00000000a7b00000, 0x00000000a7b00000|

Card table byte_map: [0x000001809f6d0000,0x000001809f9d0000] byte_map_base: 0x000001809f1c2000

Marking Bits (Prev, Next): (CMBitMap*) 0x0000018083aed710, (CMBitMap*) 0x0000018083aed748
 Prev Bits: [0x000001809fcd0000, 0x00000180a1460000)
 Next Bits: [0x00000180a1460000, 0x00000180a2bf0000)

Polling page: 0x00000180818c0000

CodeHeap 'non-profiled nmethods': size=120064Kb used=0Kb max_used=0Kb free=120064Kb
 bounds [0x0000018097570000, 0x00000180977e0000, 0x000001809eab0000]
CodeHeap 'profiled nmethods': size=120000Kb used=0Kb max_used=0Kb free=120000Kb
 bounds [0x0000018090040000, 0x00000180902b0000, 0x0000018097570000]
CodeHeap 'non-nmethods': size=5696Kb used=525Kb max_used=525Kb free=5170Kb
 bounds [0x000001808fab0000, 0x000001808fd20000, 0x0000018090040000]
 total_blobs=182 nmethods=0 adapters=132
 compilation: enabled

Compilation events (0 events):
No events

GC Heap History (0 events):
No events

Deoptimization events (0 events):
No events

Classes redefined (0 events):
No events

Internal exceptions (0 events):
No events

Events (10 events):
Event: 0.145 loading class java/lang/System$2 done
Event: 0.145 loading class java/lang/IllegalArgumentException
Event: 0.145 loading class java/lang/IllegalArgumentException done
Event: 0.146 Thread 0x00000180a5aab800 Thread added: 0x00000180a5aab800
Event: 0.146 Thread 0x00000180a5aac800 Thread added: 0x00000180a5aac800
Event: 0.146 Thread 0x00000180a5ab2800 Thread added: 0x00000180a5ab2800
Event: 0.146 Thread 0x00000180a5abb800 Thread added: 0x00000180a5abb800
Event: 0.147 Thread 0x00000180a5ab4000 Thread added: 0x00000180a5ab4000
Event: 0.147 Thread 0x00000180a5ac9800 Thread added: 0x00000180a5ac9800
Event: 0.147 loading class java/lang/invoke/MethodHandleStatics


Dynamic libraries:
0x00007ff6331f0000 - 0x00007ff63322e000 	C:\Program Files\Java\jdk-9\bin\java.exe
0x00007ffc64d50000 - 0x00007ffc64f30000 	C:\WINDOWS\SYSTEM32\ntdll.dll
0x00007ffc62500000 - 0x00007ffc625ae000 	C:\WINDOWS\System32\KERNEL32.DLL
0x00007ffc61660000 - 0x00007ffc618c6000 	C:\WINDOWS\System32\KERNELBASE.dll
0x00007ffc62640000 - 0x00007ffc626e1000 	C:\WINDOWS\System32\ADVAPI32.dll
0x00007ffc62220000 - 0x00007ffc622bd000 	C:\WINDOWS\System32\msvcrt.dll
0x00007ffc62fc0000 - 0x00007ffc6301b000 	C:\WINDOWS\System32\sechost.dll
0x00007ffc628f0000 - 0x00007ffc62a0f000 	C:\WINDOWS\System32\RPCRT4.dll
0x00007ffc62760000 - 0x00007ffc628ef000 	C:\WINDOWS\System32\USER32.dll
0x00007ffc61150000 - 0x00007ffc61170000 	C:\WINDOWS\System32\win32u.dll
0x00007ffc625b0000 - 0x00007ffc625d8000 	C:\WINDOWS\System32\GDI32.dll
0x00007ffc61170000 - 0x00007ffc61303000 	C:\WINDOWS\System32\gdi32full.dll
0x00007ffc61560000 - 0x00007ffc615fb000 	C:\WINDOWS\System32\msvcp_win.dll
0x00007ffc62020000 - 0x00007ffc62115000 	C:\WINDOWS\System32\ucrtbase.dll
0x00007ffc540f0000 - 0x00007ffc540fa000 	C:\WINDOWS\SYSTEM32\VERSION.dll
0x00007ffc563a0000 - 0x00007ffc56609000 	C:\WINDOWS\WinSxS\amd64_microsoft.windows.common-controls_6595b64144ccf1df_6.0.16299.551_none_15c7d58c93659c3c\COMCTL32.dll
0x00007ffc63150000 - 0x00007ffc63457000 	C:\WINDOWS\System32\combase.dll
0x00007ffc614e0000 - 0x00007ffc61552000 	C:\WINDOWS\System32\bcryptPrimitives.dll
0x00007ffc63120000 - 0x00007ffc6314d000 	C:\WINDOWS\System32\IMM32.DLL
0x00007ffc40c30000 - 0x00007ffc40d1f000 	C:\Program Files\Java\jdk-9\bin\msvcr120.dll
0x00007ffc3cfd0000 - 0x00007ffc3d076000 	C:\Program Files\Java\jdk-9\bin\msvcp120.dll
0x0000000075e50000 - 0x000000007687a000 	C:\Program Files\Java\jdk-9\bin\server\jvm.dll
0x00007ffc622c0000 - 0x00007ffc622c8000 	C:\WINDOWS\System32\PSAPI.DLL
0x00007ffc5f350000 - 0x00007ffc5f373000 	C:\WINDOWS\SYSTEM32\WINMM.dll
0x00007ffc56160000 - 0x00007ffc56169000 	C:\WINDOWS\SYSTEM32\WSOCK32.dll
0x00007ffc626f0000 - 0x00007ffc6275c000 	C:\WINDOWS\System32\WS2_32.dll
0x00007ffc5f020000 - 0x00007ffc5f04a000 	C:\WINDOWS\SYSTEM32\winmmbase.dll
0x00007ffc62120000 - 0x00007ffc6216a000 	C:\WINDOWS\System32\cfgmgr32.dll
0x00007ffc5c1a0000 - 0x00007ffc5c1af000 	C:\Program Files\Java\jdk-9\bin\verify.dll
0x00007ffc49320000 - 0x00007ffc49347000 	C:\Program Files\Java\jdk-9\bin\java.dll
0x00007ffc55970000 - 0x00007ffc55986000 	C:\Program Files\Java\jdk-9\bin\zip.dll
0x00007ffc56eb0000 - 0x00007ffc56eba000 	C:\Program Files\Java\jdk-9\bin\jimage.dll
0x00007ffc638e0000 - 0x00007ffc64d18000 	C:\WINDOWS\System32\SHELL32.dll
0x00007ffc62f10000 - 0x00007ffc62fb6000 	C:\WINDOWS\System32\shcore.dll
0x00007ffc618d0000 - 0x00007ffc62017000 	C:\WINDOWS\System32\windows.storage.dll
0x00007ffc630c0000 - 0x00007ffc63111000 	C:\WINDOWS\System32\shlwapi.dll
0x00007ffc61130000 - 0x00007ffc61141000 	C:\WINDOWS\System32\kernel.appcore.dll
0x00007ffc610e0000 - 0x00007ffc6112c000 	C:\WINDOWS\System32\powrprof.dll
0x00007ffc610a0000 - 0x00007ffc610bb000 	C:\WINDOWS\System32\profapi.dll

VM Arguments:
jvm_args: -Dfile.encoding=windows-1252 -Duser.country=CL -Duser.language=es -Duser.variant 
java_command: com.grupo1.tweetwood_back.TweetwoodBackApplication
java_class_path (initial): C:\Users\JuanPablo\Desktop\Proj_TweetWood\Back\build\classes\java\main;C:\Users\JuanPablo\Desktop\Proj_TweetWood\Back\build\resources\main;C:\Users\JuanPablo\.gradle\caches\modules-2\files-2.1\org.apache.lucene\lucene-queryparser\7.3.1\51e4cde15df3ab4534a6407598cfb5c7ce7d21ac\lucene-queryparser-7.3.1.jar;C:\Users\JuanPablo\.gradle\caches\modules-2\files-2.1\org.apache.lucene\lucene-core\7.3.1\ce76b4aef66ffe0830afefb2b347028a4fc9eb36\lucene-core-7.3.1.jar;C:\Users\JuanPablo\.gradle\caches\modules-2\files-2.1\org.springframework.boot\spring-boot-starter-data-jpa\2.0.2.RELEASE\a277d15c247684aaef38852a2e71b8b1ef7357e6\spring-boot-starter-data-jpa-2.0.2.RELEASE.jar;C:\Users\JuanPablo\.gradle\caches\modules-2\files-2.1\org.springframework.boot\spring-boot-starter-web\2.0.2.RELEASE\b6ef0cf4d0a7c6c7e93ff524b84cd1d8f87f67d9\spring-boot-starter-web-2.0.2.RELEASE.jar;C:\Users\JuanPablo\.gradle\caches\modules-2\files-2.1\org.springframework.boot\spring-boot-starter-json\2.0.2.RELEASE\5edda979838ced5314b8f58a958fe9d6b4b3badd\spring-boot-starter-json-2.0.2.RELEASE.jar;C:\Users\JuanPablo\.gradle\caches\modules-2\files-2.1\com.fasterxml.jackson.datatype\jackson-datatype-jdk8\2.9.3\75004a75b8a4d5927211141a679951d39999e6c4\jackson-datatype-jdk8-2.9.3.jar;C:\Users\JuanPablo\.gradle\caches\modules-2\files-2.1\org.springframework.boot\spring-boot-starter-data-mongodb\2.0.2.RELEASE\b7ea7325e4609728db2da641c5071d7a9972c4f\spring-boot-starter-data-mongodb-2.0.2.RELEASE.jar;C:\Users\JuanPablo\.gradle\caches\modules-2\files-2.1\org.twitter4j\twitter4j-stream\4.0.2\c8ba9a8013b7e1d01a4ee9066d681a228bbb05\twitter4j-stream-4.0.2.jar;C:\Users\JuanPablo\.gradle\caches\modules-2\files-2.1\org.apache.opennlp\opennlp-tools\1.8.4\dc1dd0bfdee4a4bc98924180da5a8e61b3a50bdd\opennlp-tools-1.8.4.jar;C:\Users\JuanPablo\.gradle\caches\modules-2\files-2.1\mysql\mysql-connector-java\5.1.46\9a3e63b387e376364211e96827bc27db8d7a92e9\mysql-connector-java-5.1.46.jar;C:\Users\JuanPablo\.g
Launcher Type: SUN_STANDARD

Logging:
Log output configuration:
#0: stdout all=warning uptime,level,tags
#1: stderr all=off uptime,level,tags

Environment Variables:
JAVA_HOME=C:\Program Files\Java\jdk-9
CLASSPATH=C:\Users\JuanPablo\Desktop\Proj_TweetWood\Back\\gradle\wrapper\gradle-wrapper.jar
PATH=C:\ProgramData\Oracle\Java\javapath;C:\WINDOWS\system32;C:\WINDOWS;C:\WINDOWS\System32\Wbem;C:\WINDOWS\System32\WindowsPowerShell\v1.0\;C:\Program Files\Microsoft VS Code\bin;C:\Program Files\nodejs\;C:\Program Files\Git\cmd;C:\Program Files (x86)\Yarn\bin\;C:\Gradle\gradle-4.9\bin;C:\Program Files\Apache\maven\bin;C:\Users\JuanPablo\Anaconda2;C:\Users\JuanPablo\Anaconda2\Scripts;C:\Users\JuanPablo\Anaconda2\Library\bin;C:\Users\JuanPablo\AppData\Local\Microsoft\WindowsApps;C:\Users\JuanPablo\AppData\Roaming\npm;C:\MinGW\bin;C:\Users\JuanPablo\AppData\Local\Yarn\bin
USERNAME=JuanPablo
OS=Windows_NT
PROCESSOR_IDENTIFIER=Intel64 Family 6 Model 55 Stepping 8, GenuineIntel



---------------  S Y S T E M  ---------------

OS: Windows 10 , 64 bit Build 16299 (10.0.16299.431)

CPU:total 4 (initial active 4) (4 cores per cpu, 1 threads per core) family 6 model 55 stepping 8, cmov, cx8, fxsr, mmx, sse, sse2, sse3, ssse3, sse4.1, sse4.2, popcnt, clmul, erms, 3dnowpref, tsc, tscinvbit

Memory: 4k page, physical 6175088k(659316k free), swap 6175088k(3388k free)

vm_info: Java HotSpot(TM) 64-Bit Server VM (9+181) for windows-amd64 JRE (9+181), built on Aug  2 2017 21:30:51 by "javare" with MS VC++ 12.0 (VS2013)

END.
